#
# A fatal error has been detected by the Java Runtime Environment:
#
#  EXCEPTION_ACCESS_VIOLATION (0xc0000005) at pc=0x00000000752d31f9, pid=13332, tid=0x000000000000253c
#
# JRE version: OpenJDK Runtime Environment (8.0_242-b01) (build 1.8.0_242-release-1644-b01)
# Java VM: OpenJDK 64-Bit Server VM (25.242-b01 mixed mode windows-amd64 compressed oops)
# Problematic frame:
# V  [jvm.dll+0x4931f9]
#
# Failed to write core dump. Minidumps are not enabled by default on client versions of Windows
#
# If you would like to submit a bug report, please visit:
#   
#

---------------  T H R E A D  ---------------

Current thread (0x00000000179ed000):  JavaThread "C2 CompilerThread0" daemon [_thread_in_native, id=9532, stack(0x0000000019670000,0x0000000019770000)]

siginfo: ExceptionCode=0xc0000005, reading address 0x00000008000009b5

Registers:
RAX=0x00000008000009b5, RBX=0x000000001e990f20, RCX=0x0000000000000000, RDX=0x000000000000128f
RSP=0x000000001976b9b0, RBP=0x000000001976b9f0, RSI=0x000000001a007c68, RDI=0x000000001e993cd0
R8 =0x000000001a008c00, R9 =0x0000000000000000, R10=0x000000001e632300, R11=0x00000000224c4e60
R12=0x000000001e6fa588, R13=0x000000001e993cd0, R14=0x000000001976bf60, R15=0x000000001e6f9de8
RIP=0x00000000752d31f9, EFLAGS=0x0000000000010246

Top of Stack: (sp=0x000000001976b9b0)
0x000000001976b9b0:   000000001976b9f0 000000001e990f20
0x000000001976b9c0:   000000001a007c68 000000001e6faa48
0x000000001976b9d0:   00000000179a6280 0000000000004000
0x000000001976b9e0:   00000000224a4e60 000000000000128f
0x000000001976b9f0:   000000001976bb28 000000001976bb08
0x000000001976ba00:   0000000000000004 000000001976bf60
0x000000001976ba10:   000000001e6faa48 00000000752d33d3
0x000000001976ba20:   000000001e372b70 000000001e6faa48
0x000000001976ba30:   00000000000003fa 000000001e6f9de8
0x000000001976ba40:   000000001e6faa48 000000001976bb78
0x000000001976ba50:   0000000000000000 00000000752d4c79
0x000000001976ba60:   000000001e372b70 00000000000003fa
0x000000001976ba70:   0000000000000001 00000000179a6280
0x000000001976ba80:   000000001976c938 00000000753082a0
0x000000001976ba90:   00000000207e6ec0 00000000179a6280
0x000000001976baa0:   000000001bb314f0 000000001976bbd0 

Instructions: (pc=0x00000000752d31f9)
0x00000000752d31d9:   45 33 c9 41 f6 c1 01 74 13 49 8b d0 49 8b ce e8
0x00000000752d31e9:   d3 c2 ff ff 8b 55 f8 48 8b d8 eb 07 49 8b 40 08
0x00000000752d31f9:   48 8b 18 48 85 db 74 56 48 83 7b 10 00 74 4f 4c
0x00000000752d3209:   8b c3 49 8b d7 49 8b ce e8 1a ba ff ff 84 c0 74 


Register to memory mapping:

RAX=0x00000008000009b5 is an unknown value
RBX=0x000000001e990f20 is an unknown value
RCX=0x0000000000000000 is an unknown value
RDX=0x000000000000128f is an unknown value
RSP=0x000000001976b9b0 is pointing into the stack for thread: 0x00000000179ed000
RBP=0x000000001976b9f0 is pointing into the stack for thread: 0x00000000179ed000
RSI=0x000000001a007c68 is an unknown value
RDI=0x000000001e993cd0 is an unknown value
R8 =0x000000001a008c00 is an unknown value
R9 =0x0000000000000000 is an unknown value
R10=0x000000001e632300 is an unknown value
R11=0x00000000224c4e60 is an unknown value
R12=0x000000001e6fa588 is an unknown value
R13=0x000000001e993cd0 is an unknown value
R14=0x000000001976bf60 is pointing into the stack for thread: 0x00000000179ed000
R15=0x000000001e6f9de8 is an unknown value


Stack: [0x0000000019670000,0x0000000019770000],  sp=0x000000001976b9b0,  free space=1006k
Native frames: (J=compiled Java code, j=interpreted, Vv=VM code, C=native code)
V  [jvm.dll+0x4931f9]
V  [jvm.dll+0x4933d3]
V  [jvm.dll+0x494c79]
V  [jvm.dll+0x496a23]
V  [jvm.dll+0x446acc]
V  [jvm.dll+0x447f14]
V  [jvm.dll+0x42b072]
V  [jvm.dll+0x8230f]
V  [jvm.dll+0x82c7f]
V  [jvm.dll+0x220b7f]
V  [jvm.dll+0x27276a]
C  [msvcr100.dll+0x21d9f]
C  [msvcr100.dll+0x21e3b]
C  [KERNEL32.DLL+0x17034]
C  [ntdll.dll+0x4d0d1]


Current CompileTask:
C2:   7780 5386 %     4       org.gradle.internal.instantiation.generator.AbstractClassGenerator::inspectType @ 107 (559 bytes)


---------------  P R O C E S S  ---------------

Java Threads: ( => current thread )
  0x000000001eec6000 JavaThread "Cache worker for file content cache (C:\Users\Tornasuk\AndroidStudioProjects\Book Translations 1.2\.gradle\6.1.1\fileContent)" [_thread_blocked, id=13200, stack(0x00000000243a0000,0x00000000244a0000)]
  0x000000001eec1800 JavaThread "Cache worker for file content cache (C:\Users\Tornasuk\.gradle\caches\6.1.1\fileContent)" [_thread_blocked, id=6820, stack(0x00000000242a0000,0x00000000243a0000)]
  0x000000001eec5800 JavaThread "Memory manager" [_thread_blocked, id=15280, stack(0x00000000241a0000,0x00000000242a0000)]
  0x000000001eebe800 JavaThread "Cache worker for Build Output Cleanup Cache (C:\Users\Tornasuk\AndroidStudioProjects\Book Translations 1.2\.gradle\buildOutputCleanup)" [_thread_blocked, id=8692, stack(0x00000000236a0000,0x00000000237a0000)]
  0x000000001eec0000 JavaThread "Build operations Thread 6" [_thread_blocked, id=10252, stack(0x0000000022cb0000,0x0000000022db0000)]
  0x000000001eec1000 JavaThread "Build operations Thread 5" [_thread_blocked, id=13776, stack(0x0000000022bb0000,0x0000000022cb0000)]
  0x000000001eec4800 JavaThread "Build operations Thread 4" [_thread_blocked, id=7528, stack(0x0000000022ab0000,0x0000000022bb0000)]
  0x000000001eebd000 JavaThread "Build operations Thread 3" [_thread_blocked, id=5252, stack(0x00000000229b0000,0x0000000022ab0000)]
  0x000000001eec4000 JavaThread "Build operations Thread 2" [_thread_blocked, id=1348, stack(0x0000000021410000,0x0000000021510000)]
  0x000000001eec3000 JavaThread "Build operations" [_thread_blocked, id=16260, stack(0x0000000021060000,0x0000000021160000)]
  0x000000001bcd7800 JavaThread "Cache worker for execution history cache (C:\Users\Tornasuk\.gradle\caches\6.1.1\executionHistory)" [_thread_blocked, id=16960, stack(0x000000001f990000,0x000000001fa90000)]
  0x000000001bcd6800 JavaThread "Cache worker for cache directory md-rule (C:\Users\Tornasuk\.gradle\caches\6.1.1\md-rule)" [_thread_blocked, id=14484, stack(0x000000001f890000,0x000000001f990000)]
  0x000000001bcdc800 JavaThread "Cache worker for cache directory md-supplier (C:\Users\Tornasuk\.gradle\caches\6.1.1\md-supplier)" [_thread_blocked, id=10104, stack(0x000000001f790000,0x000000001f890000)]
  0x000000001bcda800 JavaThread "Cache worker for file hash cache (C:\Users\Tornasuk\AndroidStudioProjects\Book Translations 1.2\.gradle\6.1.1\fileHashes)" [_thread_blocked, id=13924, stack(0x000000001f290000,0x000000001f390000)]
  0x000000001bcdb000 JavaThread "Cache worker for checksums cache (C:\Users\Tornasuk\AndroidStudioProjects\Book Translations 1.2\.gradle\checksums)" [_thread_blocked, id=7540, stack(0x000000001f190000,0x000000001f290000)]
  0x000000001bcdc000 JavaThread "Cache worker for file hash cache (C:\Users\Tornasuk\.gradle\caches\6.1.1\fileHashes)" [_thread_blocked, id=4532, stack(0x000000001dec0000,0x000000001dfc0000)]
  0x000000001bcdd800 JavaThread "File lock request listener" [_thread_in_native, id=14516, stack(0x000000001ddc0000,0x000000001dec0000)]
  0x000000001bcce000 JavaThread "Cache worker for journal cache (C:\Users\Tornasuk\.gradle\caches\journal-1)" [_thread_blocked, id=11424, stack(0x000000001dbc0000,0x000000001dcc0000)]
  0x000000001bb33800 JavaThread "Thread-9" [_thread_blocked, id=3508, stack(0x000000001d8c0000,0x000000001d9c0000)]
  0x000000001bb33000 JavaThread "Stdin handler" [_thread_blocked, id=14408, stack(0x000000001d7c0000,0x000000001d8c0000)]
  0x000000001bb32000 JavaThread "Asynchronous log dispatcher for DefaultDaemonConnection: socket connection from /127.0.0.1:53313 to /127.0.0.1:53315" [_thread_blocked, id=15004, stack(0x000000001d6c0000,0x000000001d7c0000)]
  0x000000001bb46800 JavaThread "Daemon worker" [_thread_in_Java, id=12840, stack(0x000000001d5c0000,0x000000001d6c0000)]
  0x000000001bb42800 JavaThread "Cancel handler" [_thread_blocked, id=9356, stack(0x000000001d4c0000,0x000000001d5c0000)]
  0x000000001bb07800 JavaThread "Handler for socket connection from /127.0.0.1:53313 to /127.0.0.1:53315" [_thread_in_native, id=11972, stack(0x000000001d1c0000,0x000000001d2c0000)]
  0x000000001bb07000 JavaThread "Daemon" [_thread_blocked, id=8312, stack(0x000000001d0c0000,0x000000001d1c0000)]
  0x000000001bae7800 JavaThread "Daemon periodic checks" [_thread_blocked, id=16100, stack(0x000000001cfc0000,0x000000001d0c0000)]
  0x000000001ba87000 JavaThread "Incoming local TCP Connector on port 53313" [_thread_in_native, id=11772, stack(0x000000001cd50000,0x000000001ce50000)]
  0x000000001b9bf800 JavaThread "Daemon health stats" [_thread_blocked, id=8816, stack(0x000000001c710000,0x000000001c810000)]
  0x00000000199d9000 JavaThread "Service Thread" daemon [_thread_blocked, id=12652, stack(0x0000000019d70000,0x0000000019e70000)]
  0x00000000179f9800 JavaThread "C1 CompilerThread2" daemon [_thread_blocked, id=12296, stack(0x0000000019870000,0x0000000019970000)]
  0x00000000179f0000 JavaThread "C2 CompilerThread1" daemon [_thread_in_native, id=13688, stack(0x0000000019770000,0x0000000019870000)]
=>0x00000000179ed000 JavaThread "C2 CompilerThread0" daemon [_thread_in_native, id=9532, stack(0x0000000019670000,0x0000000019770000)]
  0x00000000179e6000 JavaThread "Attach Listener" daemon [_thread_blocked, id=14476, stack(0x0000000019570000,0x0000000019670000)]
  0x00000000179e9000 JavaThread "Signal Dispatcher" daemon [_thread_blocked, id=15784, stack(0x0000000019470000,0x0000000019570000)]
  0x0000000002b7b800 JavaThread "Finalizer" daemon [_thread_blocked, id=1680, stack(0x0000000019250000,0x0000000019350000)]
  0x0000000002b73800 JavaThread "Reference Handler" daemon [_thread_blocked, id=256, stack(0x0000000019150000,0x0000000019250000)]
  0x0000000002a7e800 JavaThread "main" [_thread_blocked, id=8876, stack(0x00000000028a0000,0x00000000029a0000)]

Other Threads:
  0x00000000179a7800 VMThread [stack: 0x0000000019050000,0x0000000019150000] [id=16184]
  0x00000000199da000 WatcherThread [stack: 0x0000000019e70000,0x0000000019f70000] [id=15184]

VM state:not at safepoint (normal execution)

VM Mutex/Monitor currently owned by a thread: None

heap address: 0x0000000080000000, size: 2048 MB, Compressed Oops mode: 32-bit
Narrow klass base: 0x0000000000000000, Narrow klass shift: 3
Compressed class space size: 1073741824 Address: 0x0000000100000000

Heap:
 PSYoungGen      total 262656K, used 35800K [0x00000000d5580000, 0x00000000e9700000, 0x0000000100000000)
  eden space 242176K, 14% used [0x00000000d5580000,0x00000000d7876118,0x00000000e4200000)
  from space 20480K, 0% used [0x00000000e5580000,0x00000000e5580000,0x00000000e6980000)
  to   space 19968K, 0% used [0x00000000e4200000,0x00000000e4200000,0x00000000e5580000)
 ParOldGen       total 175616K, used 31509K [0x0000000080000000, 0x000000008ab80000, 0x00000000d5580000)
  object space 175616K, 17% used [0x0000000080000000,0x0000000081ec5470,0x000000008ab80000)
 Metaspace       used 58716K, capacity 60838K, committed 61096K, reserved 1101824K
  class space    used 8095K, capacity 8575K, committed 8624K, reserved 1048576K

Card table byte_map: [0x0000000011f40000,0x0000000012350000] byte_map_base: 0x0000000011b40000

Marking Bits: (ParMarkBitMap*) 0x000000007560f030
 Begin Bits: [0x0000000012c00000, 0x0000000014c00000)
 End Bits:   [0x0000000014c00000, 0x0000000016c00000)

Polling page: 0x0000000000a80000

CodeCache: size=245760Kb used=18143Kb max_used=18143Kb free=227616Kb
 bounds [0x0000000002b80000, 0x0000000003d50000, 0x0000000011b80000]
 total_blobs=6033 nmethods=5252 adapters=694
 compilation: enabled

Compilation events (10 events):
Event: 7.760 Thread 0x00000000179f9800 nmethod 5664 0x0000000003d392d0 code [0x0000000003d39420, 0x0000000003d39530]
Event: 7.760 Thread 0x00000000179f9800 5665       1       com.google.common.collect.RegularImmutableList::internalArrayEnd (5 bytes)
Event: 7.760 Thread 0x00000000179f9800 nmethod 5665 0x0000000003d39590 code [0x0000000003d396e0, 0x0000000003d397f0]
Event: 7.760 Thread 0x00000000179f9800 5666       3       org.gradle.api.internal.artifacts.ivyservice.resolveengine.graph.builder.NodeState::createAndLinkEdgeState (59 bytes)
Event: 7.761 Thread 0x00000000179f9800 nmethod 5666 0x0000000003d39850 code [0x0000000003d39a80, 0x0000000003d3a678]
Event: 7.761 Thread 0x00000000179f9800 5667       3       org.gradle.api.internal.artifacts.ivyservice.resolveengine.graph.builder.NodeState$$Lambda$90/1445666315::get$Lambda (10 bytes)
Event: 7.761 Thread 0x00000000179f9800 nmethod 5667 0x0000000003d3ad50 code [0x0000000003d3aec0, 0x0000000003d3b130]
Event: 7.761 Thread 0x00000000179f9800 5668       3       org.gradle.api.internal.artifacts.ivyservice.resolveengine.graph.builder.NodeState$$Lambda$90/1445666315::<init> (15 bytes)
Event: 7.761 Thread 0x00000000179f9800 nmethod 5668 0x0000000003d3b250 code [0x0000000003d3b3a0, 0x0000000003d3b570]
Event: 7.761 Thread 0x00000000179f9800 5669       3       org.gradle.api.internal.artifacts.ivyservice.resolveengine.graph.builder.NodeState$$Lambda$90/1445666315::apply (16 bytes)

GC Heap History (10 events):
Event: 5.080 GC heap before
{Heap before GC invocations=9 (full 2):
 PSYoungGen      total 128000K, used 8723K [0x00000000d5580000, 0x00000000e3680000, 0x0000000100000000)
  eden space 116224K, 0% used [0x00000000d5580000,0x00000000d5580000,0x00000000dc700000)
  from space 11776K, 74% used [0x00000000dc700000,0x00000000dcf84da8,0x00000000dd280000)
  to   space 11776K, 0% used [0x00000000e2b00000,0x00000000e2b00000,0x00000000e3680000)
 ParOldGen       total 86528K, used 7219K [0x0000000080000000, 0x0000000085480000, 0x00000000d5580000)
  object space 86528K, 8% used [0x0000000080000000,0x000000008070ce60,0x0000000085480000)
 Metaspace       used 34534K, capacity 35412K, committed 35496K, reserved 1079296K
  class space    used 4743K, capacity 4975K, committed 5040K, reserved 1048576K
Event: 5.108 GC heap after
Heap after GC invocations=9 (full 2):
 PSYoungGen      total 128000K, used 0K [0x00000000d5580000, 0x00000000e3680000, 0x0000000100000000)
  eden space 116224K, 0% used [0x00000000d5580000,0x00000000d5580000,0x00000000dc700000)
  from space 11776K, 0% used [0x00000000dc700000,0x00000000dc700000,0x00000000dd280000)
  to   space 11776K, 0% used [0x00000000e2b00000,0x00000000e2b00000,0x00000000e3680000)
 ParOldGen       total 125440K, used 15306K [0x0000000080000000, 0x0000000087a80000, 0x00000000d5580000)
  object space 125440K, 12% used [0x0000000080000000,0x0000000080ef2a38,0x0000000087a80000)
 Metaspace       used 34534K, capacity 35412K, committed 35496K, reserved 1079296K
  class space    used 4743K, capacity 4975K, committed 5040K, reserved 1048576K
}
Event: 6.154 GC heap before
{Heap before GC invocations=10 (full 2):
 PSYoungGen      total 128000K, used 116224K [0x00000000d5580000, 0x00000000e3680000, 0x0000000100000000)
  eden space 116224K, 100% used [0x00000000d5580000,0x00000000dc700000,0x00000000dc700000)
  from space 11776K, 0% used [0x00000000dc700000,0x00000000dc700000,0x00000000dd280000)
  to   space 11776K, 0% used [0x00000000e2b00000,0x00000000e2b00000,0x00000000e3680000)
 ParOldGen       total 125440K, used 15306K [0x0000000080000000, 0x0000000087a80000, 0x00000000d5580000)
  object space 125440K, 12% used [0x0000000080000000,0x0000000080ef2a38,0x0000000087a80000)
 Metaspace       used 44592K, capacity 46186K, committed 46376K, reserved 1089536K
  class space    used 6043K, capacity 6409K, committed 6448K, reserved 1048576K
Event: 6.163 GC heap after
Heap after GC invocations=10 (full 2):
 PSYoungGen      total 193024K, used 11762K [0x00000000d5580000, 0x00000000e3680000, 0x0000000100000000)
  eden space 181248K, 0% used [0x00000000d5580000,0x00000000d5580000,0x00000000e0680000)
  from space 11776K, 99% used [0x00000000e2b00000,0x00000000e367c988,0x00000000e3680000)
  to   space 14336K, 0% used [0x00000000e1a80000,0x00000000e1a80000,0x00000000e2880000)
 ParOldGen       total 125440K, used 18745K [0x0000000080000000, 0x0000000087a80000, 0x00000000d5580000)
  object space 125440K, 14% used [0x0000000080000000,0x000000008124e710,0x0000000087a80000)
 Metaspace       used 44592K, capacity 46186K, committed 46376K, reserved 1089536K
  class space    used 6043K, capacity 6409K, committed 6448K, reserved 1048576K
}
Event: 7.303 GC heap before
{Heap before GC invocations=11 (full 2):
 PSYoungGen      total 193024K, used 193010K [0x00000000d5580000, 0x00000000e3680000, 0x0000000100000000)
  eden space 181248K, 100% used [0x00000000d5580000,0x00000000e0680000,0x00000000e0680000)
  from space 11776K, 99% used [0x00000000e2b00000,0x00000000e367c988,0x00000000e3680000)
  to   space 14336K, 0% used [0x00000000e1a80000,0x00000000e1a80000,0x00000000e2880000)
 ParOldGen       total 125440K, used 18745K [0x0000000080000000, 0x0000000087a80000, 0x00000000d5580000)
  object space 125440K, 14% used [0x0000000080000000,0x000000008124e710,0x0000000087a80000)
 Metaspace       used 56203K, capacity 58330K, committed 58664K, reserved 1099776K
  class space    used 7686K, capacity 8161K, committed 8240K, reserved 1048576K
Event: 7.322 GC heap after
Heap after GC invocations=11 (full 2):
 PSYoungGen      total 216064K, used 14332K [0x00000000d5580000, 0x00000000e6980000, 0x0000000100000000)
  eden space 201728K, 0% used [0x00000000d5580000,0x00000000d5580000,0x00000000e1a80000)
  from space 14336K, 99% used [0x00000000e1a80000,0x00000000e287f320,0x00000000e2880000)
  to   space 20480K, 0% used [0x00000000e5580000,0x00000000e5580000,0x00000000e6980000)
 ParOldGen       total 125440K, used 31079K [0x0000000080000000, 0x0000000087a80000, 0x00000000d5580000)
  object space 125440K, 24% used [0x0000000080000000,0x0000000081e59e20,0x0000000087a80000)
 Metaspace       used 56203K, capacity 58330K, committed 58664K, reserved 1099776K
  class space    used 7686K, capacity 8161K, committed 8240K, reserved 1048576K
}
Event: 7.385 GC heap before
{Heap before GC invocations=12 (full 2):
 PSYoungGen      total 216064K, used 25768K [0x00000000d5580000, 0x00000000e6980000, 0x0000000100000000)
  eden space 201728K, 5% used [0x00000000d5580000,0x00000000d60aaf60,0x00000000e1a80000)
  from space 14336K, 99% used [0x00000000e1a80000,0x00000000e287f320,0x00000000e2880000)
  to   space 20480K, 0% used [0x00000000e5580000,0x00000000e5580000,0x00000000e6980000)
 ParOldGen       total 125440K, used 31079K [0x0000000080000000, 0x0000000087a80000, 0x00000000d5580000)
  object space 125440K, 24% used [0x0000000080000000,0x0000000081e59e20,0x0000000087a80000)
 Metaspace       used 56971K, capacity 59066K, committed 59160K, reserved 1099776K
  class space    used 7839K, capacity 8321K, committed 8368K, reserved 1048576K
Event: 7.391 GC heap after
Heap after GC invocations=12 (full 2):
 PSYoungGen      total 262656K, used 8915K [0x00000000d5580000, 0x00000000e9700000, 0x0000000100000000)
  eden space 242176K, 0% used [0x00000000d5580000,0x00000000d5580000,0x00000000e4200000)
  from space 20480K, 43% used [0x00000000e5580000,0x00000000e5e34e50,0x00000000e6980000)
  to   space 19968K, 0% used [0x00000000e4200000,0x00000000e4200000,0x00000000e5580000)
 ParOldGen       total 125440K, used 37337K [0x0000000080000000, 0x0000000087a80000, 0x00000000d5580000)
  object space 125440K, 29% used [0x0000000080000000,0x0000000082476688,0x0000000087a80000)
 Metaspace       used 56971K, capacity 59066K, committed 59160K, reserved 1099776K
  class space    used 7839K, capacity 8321K, committed 8368K, reserved 1048576K
}
Event: 7.391 GC heap before
{Heap before GC invocations=13 (full 3):
 PSYoungGen      total 262656K, used 8915K [0x00000000d5580000, 0x00000000e9700000, 0x0000000100000000)
  eden space 242176K, 0% used [0x00000000d5580000,0x00000000d5580000,0x00000000e4200000)
  from space 20480K, 43% used [0x00000000e5580000,0x00000000e5e34e50,0x00000000e6980000)
  to   space 19968K, 0% used [0x00000000e4200000,0x00000000e4200000,0x00000000e5580000)
 ParOldGen       total 125440K, used 37337K [0x0000000080000000, 0x0000000087a80000, 0x00000000d5580000)
  object space 125440K, 29% used [0x0000000080000000,0x0000000082476688,0x0000000087a80000)
 Metaspace       used 56971K, capacity 59066K, committed 59160K, reserved 1099776K
  class space    used 7839K, capacity 8321K, committed 8368K, reserved 1048576K
Event: 7.505 GC heap after
Heap after GC invocations=13 (full 3):
 PSYoungGen      total 262656K, used 0K [0x00000000d5580000, 0x00000000e9700000, 0x0000000100000000)
  eden space 242176K, 0% used [0x00000000d5580000,0x00000000d5580000,0x00000000e4200000)
  from space 20480K, 0% used [0x00000000e5580000,0x00000000e5580000,0x00000000e6980000)
  to   space 19968K, 0% used [0x00000000e4200000,0x00000000e4200000,0x00000000e5580000)
 ParOldGen       total 175616K, used 31509K [0x0000000080000000, 0x000000008ab80000, 0x00000000d5580000)
  object space 175616K, 17% used [0x0000000080000000,0x0000000081ec5470,0x000000008ab80000)
 Metaspace       used 56948K, capacity 58988K, committed 59160K, reserved 1099776K
  class space    used 7832K, capacity 8308K, committed 8368K, reserved 1048576K
}

Deoptimization events (10 events):
Event: 7.134 Thread 0x000000001bb46800 Uncommon trap: reason=unstable_if action=reinterpret pc=0x0000000003062f44 method=java.io.WinNTFileSystem.normalize(Ljava/lang/String;II)Ljava/lang/String; @ 103
Event: 7.575 Thread 0x000000001bb46800 Uncommon trap: reason=unstable_if action=reinterpret pc=0x0000000003150528 method=java.util.regex.Pattern$BmpCharProperty.match(Ljava/util/regex/Matcher;ILjava/lang/CharSequence;)Z @ 34
Event: 7.579 Thread 0x000000001bb46800 Uncommon trap: reason=unstable_if action=reinterpret pc=0x00000000038e5e28 method=com.sun.org.apache.xerces.internal.impl.XMLEntityScanner.scanLiteral(ILcom/sun/org/apache/xerces/internal/xni/XMLString;Z)I @ 660
Event: 7.586 Thread 0x000000001bb46800 Uncommon trap: reason=unstable_if action=reinterpret pc=0x0000000003983f9c method=java.lang.CharacterDataLatin1.digit(II)I @ 31
Event: 7.594 Thread 0x000000001bb46800 Uncommon trap: reason=unstable_if action=reinterpret pc=0x0000000003985568 method=java.lang.CharacterDataLatin1.digit(II)I @ 31
Event: 7.692 Thread 0x000000001bb46800 Uncommon trap: reason=bimorphic action=maybe_recompile pc=0x0000000002dacd88 method=java.util.concurrent.ConcurrentHashMap.putVal(Ljava/lang/Object;Ljava/lang/Object;Z)Ljava/lang/Object; @ 192
Event: 7.692 Thread 0x000000001bb46800 Uncommon trap: reason=bimorphic action=maybe_recompile pc=0x0000000002dacd88 method=java.util.concurrent.ConcurrentHashMap.putVal(Ljava/lang/Object;Ljava/lang/Object;Z)Ljava/lang/Object; @ 192
Event: 7.694 Thread 0x000000001bb46800 Uncommon trap: reason=bimorphic action=maybe_recompile pc=0x0000000002dacd88 method=java.util.concurrent.ConcurrentHashMap.putVal(Ljava/lang/Object;Ljava/lang/Object;Z)Ljava/lang/Object; @ 192
Event: 7.694 Thread 0x000000001bb46800 Uncommon trap: reason=bimorphic action=maybe_recompile pc=0x0000000002dacd88 method=java.util.concurrent.ConcurrentHashMap.putVal(Ljava/lang/Object;Ljava/lang/Object;Z)Ljava/lang/Object; @ 192
Event: 7.753 Thread 0x000000001bb46800 Uncommon trap: reason=unstable_if action=reinterpret pc=0x0000000003a32580 method=java.util.regex.Pattern$7.isSatisfiedBy(I)Z @ 8

Classes redefined (0 events):
No events

Internal exceptions (10 events):
Event: 7.076 Thread 0x000000001bb46800 Exception <a 'java/lang/ClassNotFoundException': com/google/android/gms/dependencies/DependencyAnalyzerBeanInfo> (0x00000000de3b8f78) thrown at [C:\src\AOSP-openjdk-git\hotspot\src\share\vm\classfile\systemDictionary.cpp, line 210]
Event: 7.076 Thread 0x000000001bb46800 Exception <a 'java/lang/ClassNotFoundException': com/google/android/gms/dependencies/DependencyAnalyzerCustomizer> (0x00000000de3d6228) thrown at [C:\src\AOSP-openjdk-git\hotspot\src\share\vm\classfile\systemDictionary.cpp, line 210]
Event: 7.081 Thread 0x000000001bb46800 Exception <a 'java/lang/ClassNotFoundException': com/google/android/gms/dependencies/DependencyInspectorBeanInfo> (0x00000000de46cca8) thrown at [C:\src\AOSP-openjdk-git\hotspot\src\share\vm\classfile\systemDictionary.cpp, line 210]
Event: 7.081 Thread 0x000000001bb46800 Exception <a 'java/lang/ClassNotFoundException': com/google/android/gms/dependencies/DependencyInspectorCustomizer> (0x00000000de489fe8) thrown at [C:\src\AOSP-openjdk-git\hotspot\src\share\vm\classfile\systemDictionary.cpp, line 210]
Event: 7.083 Thread 0x000000001bb46800 Exception <a 'java/lang/ClassNotFoundException': org/gradle/invocation/DefaultGradle_DecoratedBeanInfo> (0x00000000de4faf60) thrown at [C:\src\AOSP-openjdk-git\hotspot\src\share\vm\classfile\systemDictionary.cpp, line 210]
Event: 7.084 Thread 0x000000001bb46800 Exception <a 'java/lang/ClassNotFoundException': org/gradle/invocation/DefaultGradleBeanInfo> (0x00000000de5123b0) thrown at [C:\src\AOSP-openjdk-git\hotspot\src\share\vm\classfile\systemDictionary.cpp, line 210]
Event: 7.084 Thread 0x000000001bb46800 Exception <a 'java/lang/ClassNotFoundException': org/gradle/invocation/DefaultGradleCustomizer> (0x00000000de529c68) thrown at [C:\src\AOSP-openjdk-git\hotspot\src\share\vm\classfile\systemDictionary.cpp, line 210]
Event: 7.085 Thread 0x000000001bb46800 Exception <a 'java/lang/ClassNotFoundException': org/gradle/invocation/DefaultGradle_DecoratedCustomizer> (0x00000000de58c220) thrown at [C:\src\AOSP-openjdk-git\hotspot\src\share\vm\classfile\systemDictionary.cpp, line 210]
Event: 7.270 Thread 0x000000001bb46800 Exception <a 'java/lang/ClassNotFoundException': com/sun/org/glassfish/hk2/osgiresourcelocator/ServiceLoader> (0x00000000e0305b30) thrown at [C:\src\AOSP-openjdk-git\hotspot\src\share\vm\classfile\systemDictionary.cpp, line 210]
Event: 7.331 Thread 0x000000001bb46800 Exception <a 'java/lang/NullPointerException'> (0x00000000d5669a98) thrown at [C:\src\AOSP-openjdk-git\hotspot\src\share\vm\interpreter\linkResolver.cpp, line 1287]

Events (10 events):
Event: 7.701 loading class org/gradle/api/internal/artifacts/repositories/resolver/DirectDependencyMetadataAdapter done
Event: 7.702 loading class org/gradle/api/internal/artifacts/repositories/resolver/AbstractDependencyMetadataAdapter
Event: 7.702 loading class org/gradle/api/internal/artifacts/repositories/resolver/AbstractDependencyMetadataAdapter done
Event: 7.703 loading class org/gradle/api/artifacts/DirectDependencyMetadata
Event: 7.703 loading class org/gradle/api/artifacts/DirectDependencyMetadata done
Event: 7.748 Thread 0x000000001bb46800 DEOPT PACKING pc=0x0000000003be809c sp=0x000000001d6b9650
Event: 7.748 Thread 0x000000001bb46800 DEOPT UNPACKING pc=0x0000000002bc75d0 sp=0x000000001d6b94c8 mode 0
Event: 7.753 Thread 0x000000001bb46800 Uncommon trap: trap_request=0xffffff65 fr.pc=0x0000000003a32580
Event: 7.753 Thread 0x000000001bb46800 DEOPT PACKING pc=0x0000000003a32580 sp=0x000000001d6b98d0
Event: 7.753 Thread 0x000000001bb46800 DEOPT UNPACKING pc=0x0000000002bc557b sp=0x000000001d6b9878 mode 2


Dynamic libraries:
0x00007ff71f420000 - 0x00007ff71f451000 	C:\Program Files\Android\Android Studio\jre\bin\java.exe
0x00007ff9fcbf0000 - 0x00007ff9fcde6000 	C:\WINDOWS\SYSTEM32\ntdll.dll
0x00007ff9fc870000 - 0x00007ff9fc92d000 	C:\WINDOWS\System32\KERNEL32.DLL
0x00007ff9fa900000 - 0x00007ff9fabc9000 	C:\WINDOWS\System32\KERNELBASE.dll
0x00007ff9fc730000 - 0x00007ff9fc7dc000 	C:\WINDOWS\System32\ADVAPI32.dll
0x00007ff9fc5a0000 - 0x00007ff9fc63e000 	C:\WINDOWS\System32\msvcrt.dll
0x00007ff9fcb10000 - 0x00007ff9fcbac000 	C:\WINDOWS\System32\sechost.dll
0x00007ff9fc930000 - 0x00007ff9fca5b000 	C:\WINDOWS\System32\RPCRT4.dll
0x00007ff9fc3d0000 - 0x00007ff9fc570000 	C:\WINDOWS\System32\USER32.dll
0x00007ff9fa3e0000 - 0x00007ff9fa402000 	C:\WINDOWS\System32\win32u.dll
0x00007ff9fc570000 - 0x00007ff9fc59a000 	C:\WINDOWS\System32\GDI32.dll
0x00007ff9fa710000 - 0x00007ff9fa819000 	C:\WINDOWS\System32\gdi32full.dll
0x00007ff9fa410000 - 0x00007ff9fa4ad000 	C:\WINDOWS\System32\msvcp_win.dll
0x00007ff9fa4b0000 - 0x00007ff9fa5b0000 	C:\WINDOWS\System32\ucrtbase.dll
0x00007ff9e34d0000 - 0x00007ff9e376b000 	C:\WINDOWS\WinSxS\amd64_microsoft.windows.common-controls_6595b64144ccf1df_6.0.19041.488_none_ca04af081b815d21\COMCTL32.dll
0x00007ff9fb480000 - 0x00007ff9fb4b0000 	C:\WINDOWS\System32\IMM32.DLL
0x0000000075890000 - 0x0000000075962000 	C:\Program Files\Android\Android Studio\jre\jre\bin\msvcr100.dll
0x0000000074e40000 - 0x000000007568b000 	C:\Program Files\Android\Android Studio\jre\jre\bin\server\jvm.dll
0x00007ff9fc7e0000 - 0x00007ff9fc7e8000 	C:\WINDOWS\System32\PSAPI.DLL
0x00007ff9f0ee0000 - 0x00007ff9f0f07000 	C:\WINDOWS\SYSTEM32\WINMM.dll
0x00007ff9f3f40000 - 0x00007ff9f3f4a000 	C:\WINDOWS\SYSTEM32\VERSION.dll
0x00007ff9ec050000 - 0x00007ff9ec059000 	C:\WINDOWS\SYSTEM32\WSOCK32.dll
0x00007ff9fb720000 - 0x00007ff9fb78b000 	C:\WINDOWS\System32\WS2_32.dll
0x00007ff9f5ed0000 - 0x00007ff9f5edf000 	C:\Program Files\Android\Android Studio\jre\jre\bin\verify.dll
0x00007ff9ef9d0000 - 0x00007ff9ef9f9000 	C:\Program Files\Android\Android Studio\jre\jre\bin\java.dll
0x00007ff9f0320000 - 0x00007ff9f0336000 	C:\Program Files\Android\Android Studio\jre\jre\bin\zip.dll
0x00007ff9fb790000 - 0x00007ff9fbed2000 	C:\WINDOWS\System32\SHELL32.dll
0x00007ff9f84a0000 - 0x00007ff9f8c35000 	C:\WINDOWS\SYSTEM32\windows.storage.dll
0x00007ff9fbee0000 - 0x00007ff9fc236000 	C:\WINDOWS\System32\combase.dll
0x00007ff9f9da0000 - 0x00007ff9f9dcc000 	C:\WINDOWS\SYSTEM32\Wldp.dll
0x00007ff9fc320000 - 0x00007ff9fc3ce000 	C:\WINDOWS\System32\SHCORE.dll
0x00007ff9fb660000 - 0x00007ff9fb6b5000 	C:\WINDOWS\System32\shlwapi.dll
0x00007ff9fa260000 - 0x00007ff9fa286000 	C:\WINDOWS\SYSTEM32\profapi.dll
0x00007ff9f01c0000 - 0x00007ff9f01da000 	C:\Program Files\Android\Android Studio\jre\jre\bin\net.dll
0x00007ff9f9b20000 - 0x00007ff9f9b8a000 	C:\WINDOWS\system32\mswsock.dll
0x00007ff9f00d0000 - 0x00007ff9f00e3000 	C:\Program Files\Android\Android Studio\jre\jre\bin\nio.dll
0x00007ff9ee730000 - 0x00007ff9ee756000 	C:\Users\Tornasuk\.gradle\native\31\windows-amd64\native-platform.dll
0x00007ff9f5ec0000 - 0x00007ff9f5ecd000 	C:\Program Files\Android\Android Studio\jre\jre\bin\management.dll
0x00007ff9f9cf0000 - 0x00007ff9f9d08000 	C:\WINDOWS\SYSTEM32\CRYPTSP.dll
0x00007ff9f93e0000 - 0x00007ff9f9414000 	C:\WINDOWS\system32\rsaenh.dll
0x00007ff9fa820000 - 0x00007ff9fa847000 	C:\WINDOWS\System32\bcrypt.dll
0x00007ff9fa220000 - 0x00007ff9fa24e000 	C:\WINDOWS\SYSTEM32\USERENV.dll
0x00007ff9fabd0000 - 0x00007ff9fac50000 	C:\WINDOWS\System32\bcryptprimitives.dll
0x00007ff9f9d10000 - 0x00007ff9f9d1c000 	C:\WINDOWS\SYSTEM32\CRYPTBASE.dll
0x00007ff9f97a0000 - 0x00007ff9f97db000 	C:\WINDOWS\SYSTEM32\IPHLPAPI.DLL
0x00007ff9fb4b0000 - 0x00007ff9fb4b8000 	C:\WINDOWS\System32\NSI.dll
0x00007ff9f3fe0000 - 0x00007ff9f3ff7000 	C:\WINDOWS\SYSTEM32\dhcpcsvc6.DLL
0x00007ff9f3fc0000 - 0x00007ff9f3fdd000 	C:\WINDOWS\SYSTEM32\dhcpcsvc.DLL
0x00007ff9f97e0000 - 0x00007ff9f98ab000 	C:\WINDOWS\SYSTEM32\DNSAPI.dll
0x00007ff9f19e0000 - 0x00007ff9f1bc4000 	C:\WINDOWS\SYSTEM32\dbghelp.dll

VM Arguments:
jvm_args: -Xmx2048m -Dfile.encoding=windows-1252 -Duser.country=ES -Duser.language=es -Duser.variant 
java_command: org.gradle.launcher.daemon.bootstrap.GradleDaemon 6.1.1
java_class_path (initial): C:\Users\Tornasuk\.gradle\wrapper\dists\gradle-6.1.1-all\cfmwm155h49vnt3hynmlrsdst\gradle-6.1.1\lib\gradle-launcher-6.1.1.jar
Launcher Type: SUN_STANDARD

Environment Variables:
PATH=C:\Program Files (x86)\ActiveState Komodo Edit 11\;C:\Program Files (x86)\Common Files\Oracle\Java\javapath;C:\Program Files (x86)\Intel\iCLS Client\;C:\Program Files\Intel\iCLS Client\;C:\WINDOWS\system32;C:\WINDOWS;C:\WINDOWS\System32\Wbem;C:\WINDOWS\System32\WindowsPowerShell\v1.0\;C:\Program Files (x86)\Intel\Intel(R) Management Engine Components\DAL;C:\Program Files\Intel\Intel(R) Management Engine Components\DAL;C:\Program Files (x86)\Intel\Intel(R) Management Engine Components\IPT;C:\Program Files\Intel\Intel(R) Management Engine Components\IPT;C:\WINDOWS\System32\OpenSSH\;C:\Program Files (x86)\NVIDIA Corporation\PhysX\Common;C:\Program Files\NVIDIA Corporation\NVIDIA NvDLISR;C:\WINDOWS\system32;C:\WINDOWS;C:\WINDOWS\System32\Wbem;C:\WINDOWS\System32\WindowsPowerShell\v1.0\;C:\WINDOWS\System32\OpenSSH\;C:\Program Files\dotnet\;C:\Program Files\Git\cmd;C:\Program Files\Java\jdk-12.0.2\bin;C:\Users\Tornasuk\AppData\Local\Programs\Python\Launcher\;C:\Users\Tornasuk\AppData\Local\Microsoft\WindowsApps;C:\Users\Tornasuk\AppData\Local\Microsoft\WindowsApps
USERNAME=Tornasuk
OS=Windows_NT
PROCESSOR_IDENTIFIER=Intel64 Family 6 Model 158 Stepping 10, GenuineIntel



---------------  S Y S T E M  ---------------

OS: Windows 10.0 , 64 bit Build 19041 (10.0.19041.662)

CPU:total 6 (initial active 6) (6 cores per cpu, 1 threads per core) family 6 model 158 stepping 10, cmov, cx8, fxsr, mmx, sse, sse2, sse3, ssse3, sse4.1, sse4.2, popcnt, avx, avx2, aes, clmul, erms, rtm, 3dnowpref, lzcnt, tsc, tscinvbit, bmi1, bmi2, adx

Memory: 4k page, physical 16727716k(6743396k free), swap 19218084k(4557212k free)

vm_info: OpenJDK 64-Bit Server VM (25.242-b01) for windows-amd64 JRE (1.8.0_242-release-1644-b01), built by "builder" with MS VC++ 10.0 (VS2010)

time: Thu Dec 31 01:27:42 2020
timezone: Hora estándar romance
elapsed time: 7 seconds (0d 0h 0m 7s)

